<?xml version="1.0" encoding="UTF-8"?>
<!-- Generated by org.testng.reporters.JUnitReportReporter -->
<testsuite hostname="LAPTOP-LHICEINU" failures="0" tests="2" name="qaclickacademy.SeleniumTest" time="0.000" errors="0" timestamp="2020-03-31T18:29:42 HKT" skipped="0">
  <testcase classname="qaclickacademy.SeleniumTest" name="elementsUI" time="0.000"/>
  <system-out/>
  <testcase classname="qaclickacademy.SeleniumTest" name="BrowserAutomation" time="0.000"/>
  <system-out/>
</testsuite> <!-- qaclickacademy.SeleniumTest -->
